Command line:
   cpu_registers_isim_beh.exe
     -simmode  gui
     -simrunnum  0
     -socket  54673

Wed Feb 27 21:38:38 2019


 Elaboration Time: 0.0625 sec

 Current Memory Usage: 5331.17 Meg

 Total Signals          : 22
 Total Nets             : 127
 Total Signal Drivers   : 7
 Total Blocks           : 2
 Total Primitive Blocks : 2
 Total Processes        : 9
 Total Traceable Variables  : 20
 Total Scalar Nets and Variables : 1263
Total Line Count : 24

 Total Simulation Time: 0.078125 sec

 Current Memory Usage: 5331.17 Meg

Wed Feb 27 21:38:44 2019

