Command line:
   cpumemory_isim_beh.exe
     -simmode  gui
     -simrunnum  0
     -socket  54856

Wed Feb 27 22:27:29 2019


 Elaboration Time: 0.046875 sec

 Current Memory Usage: 5331.18 Meg

 Total Signals          : 21
 Total Nets             : 128
 Total Signal Drivers   : 7
 Total Blocks           : 2
 Total Primitive Blocks : 2
 Total Processes        : 10
 Total Traceable Variables  : 19
 Total Scalar Nets and Variables : 8400
Total Line Count : 22

 Total Simulation Time: 0.078125 sec

 Current Memory Usage: 5331.18 Meg

Wed Feb 27 22:27:34 2019

